#! 
:ivl_version "13.0 (devel)" "(s20250103-66-gd67d3323a-dirty)";
:ivl_delay_selection "TYPICAL";
:vpi_time_precision - 8;
:vpi_module "C:\Users\AMAZUM~1\CompArch\OSS-CA~1\lib\ivl\system.vpi";
:vpi_module "C:\Users\AMAZUM~1\CompArch\OSS-CA~1\lib\ivl\vhdl_sys.vpi";
:vpi_module "C:\Users\AMAZUM~1\CompArch\OSS-CA~1\lib\ivl\vhdl_textio.vpi";
:vpi_module "C:\Users\AMAZUM~1\CompArch\OSS-CA~1\lib\ivl\v2005_math.vpi";
:vpi_module "C:\Users\AMAZUM~1\CompArch\OSS-CA~1\lib\ivl\va_math.vpi";
:vpi_module "C:\Users\AMAZUM~1\CompArch\OSS-CA~1\lib\ivl\v2009.vpi";
S_000001caecc04390 .scope package, "$unit" "$unit" 2 1;
 .timescale 0 0;
S_000001caecc04520 .scope module, "tb_top" "tb_top" 3 3;
 .timescale -8 -8;
P_000001caecbf1bc0 .param/l "PWM_INTERVAL" 0 3 5, +C4<00000000000000000000010010110000>;
v000001caecc57b60_0 .net "RGB_B", 0 0, L_000001caecc080e0;  1 drivers
v000001caecc58060_0 .net "RGB_G", 0 0, L_000001caecc08150;  1 drivers
v000001caecc58380_0 .net "RGB_R", 0 0, L_000001caecc08070;  1 drivers
v000001caecc58100_0 .var "clk", 0 0;
S_000001caecc046b0 .scope module, "u0" "top" 3 12, 4 5 0, S_000001caecc04520;
 .timescale 0 0;
    .port_info 0 /INPUT 1 "clk";
    .port_info 1 /OUTPUT 1 "RGB_R";
    .port_info 2 /OUTPUT 1 "RGB_G";
    .port_info 3 /OUTPUT 1 "RGB_B";
P_000001caecc08f30 .param/l "CLK_FREQ" 0 4 6, +C4<00000000101101110001101100000000>;
P_000001caecc08f68 .param/l "PWM_INTERVAL" 0 4 7, +C4<00000000000000000000010010110000>;
L_000001caecc08070 .functor NOT 1, L_000001caecc58560, C4<0>, C4<0>, C4<0>;
L_000001caecc08150 .functor NOT 1, L_000001caecc58600, C4<0>, C4<0>, C4<0>;
L_000001caecc080e0 .functor NOT 1, L_000001caecc586a0, C4<0>, C4<0>, C4<0>;
v000001caecc57de0_0 .net "RGB_B", 0 0, L_000001caecc080e0;  alias, 1 drivers
v000001caecc57980_0 .net "RGB_G", 0 0, L_000001caecc08150;  alias, 1 drivers
v000001caecc57e80_0 .net "RGB_R", 0 0, L_000001caecc08070;  alias, 1 drivers
v000001caecc584c0_0 .net "clk", 0 0, v000001caecc58100_0;  1 drivers
v000001caecc57a20_0 .net "pwm_b", 0 0, L_000001caecc586a0;  1 drivers
v000001caecc582e0_0 .net "pwm_g", 0 0, L_000001caecc58600;  1 drivers
v000001caecc57ac0_0 .net "pwm_r", 0 0, L_000001caecc58560;  1 drivers
S_000001caecc05ee0 .scope module, "u_rgb_pwm" "rgb_pwm" 4 20, 5 1 0, S_000001caecc046b0;
 .timescale 0 0;
    .port_info 0 /INPUT 1 "clk";
    .port_info 1 /OUTPUT 1 "pwm_r";
    .port_info 2 /OUTPUT 1 "pwm_g";
    .port_info 3 /OUTPUT 1 "pwm_b";
P_000001caecc06070 .param/l "CLK_FREQ" 0 5 2, +C4<00000000101101110001101100000000>;
P_000001caecc060a8 .param/l "HUE_MAX" 1 5 11, +C4<00000000000000000000000101101000>;
P_000001caecc060e0 .param/l "PWM_INTERVAL" 0 5 3, +C4<00000000000000000000010010110000>;
P_000001caecc06118 .param/l "STEP_INTERVAL" 1 5 12, +C4<00000000000000001000001000110101>;
v000001caecbc6780_0 .var "b_val", 7 0;
v000001caecbc68d0_0 .net "clk", 0 0, v000001caecc58100_0;  alias, 1 drivers
v000001caecc06160_0 .var "g_val", 7 0;
v000001caecc06200_0 .var "hue", 8 0;
v000001caecc062a0_0 .var "hue_b", 8 0;
v000001caecbc6110_0 .var "hue_count", 15 0;
v000001caecbc61b0_0 .var "hue_g", 8 0;
v000001caecbc6250_0 .var "hue_r", 8 0;
v000001caecbc62f0_0 .net "pwm_b", 0 0, L_000001caecc586a0;  alias, 1 drivers
v000001caecc587e0_0 .var "pwm_count", 7 0;
v000001caecc58740_0 .net "pwm_g", 0 0, L_000001caecc58600;  alias, 1 drivers
v000001caecc58420_0 .net "pwm_r", 0 0, L_000001caecc58560;  alias, 1 drivers
v000001caecc578e0_0 .var "r_val", 7 0;
E_000001caecbf1b00 .event posedge, v000001caecbc68d0_0;
E_000001caecbf1ec0 .event anyedge, v000001caecc06200_0;
L_000001caecc58560 .cmp/gt 8, v000001caecc578e0_0, v000001caecc587e0_0;
L_000001caecc58600 .cmp/gt 8, v000001caecc06160_0, v000001caecc587e0_0;
L_000001caecc586a0 .cmp/gt 8, v000001caecbc6780_0, v000001caecc587e0_0;
    .scope S_000001caecc05ee0;
T_0 ;
    %pushi/vec4 0, 0, 16;
    %store/vec4 v000001caecbc6110_0, 0, 16;
    %pushi/vec4 0, 0, 9;
    %store/vec4 v000001caecc06200_0, 0, 9;
    %pushi/vec4 0, 0, 8;
    %store/vec4 v000001caecc587e0_0, 0, 8;
    %end;
    .thread T_0, $init;
    .scope S_000001caecc05ee0;
T_1 ;
    %wait E_000001caecbf1b00;
    %load/vec4 v000001caecbc6110_0;
    %pad/u 32;
    %cmpi/e 33332, 0, 32;
    %jmp/0xz  T_1.0, 4;
    %pushi/vec4 0, 0, 16;
    %assign/vec4 v000001caecbc6110_0, 0;
    %load/vec4 v000001caecc06200_0;
    %pad/u 32;
    %cmpi/e 359, 0, 32;
    %flag_mov 8, 4;
    %jmp/0 T_1.2, 8;
    %pushi/vec4 0, 0, 9;
    %jmp/1 T_1.3, 8;
T_1.2 ; End of true expr.
    %load/vec4 v000001caecc06200_0;
    %addi 1, 0, 9;
    %jmp/0 T_1.3, 8;
 ; End of false expr.
    %blend;
T_1.3;
    %assign/vec4 v000001caecc06200_0, 0;
    %jmp T_1.1;
T_1.0 ;
    %load/vec4 v000001caecbc6110_0;
    %addi 1, 0, 16;
    %assign/vec4 v000001caecbc6110_0, 0;
T_1.1 ;
    %jmp T_1;
    .thread T_1;
    .scope S_000001caecc05ee0;
T_2 ;
Ewait_0 .event/or E_000001caecbf1ec0, E_0x0;
    %wait Ewait_0;
    %load/vec4 v000001caecc06200_0;
    %store/vec4 v000001caecbc6250_0, 0, 9;
    %load/vec4 v000001caecc06200_0;
    %pad/u 32;
    %addi 240, 0, 32;
    %cmpi/u 360, 0, 32;
    %flag_mov 8, 5;
    %jmp/0 T_2.0, 8;
    %load/vec4 v000001caecc06200_0;
    %pad/u 10;
    %addi 240, 0, 10;
    %jmp/1 T_2.1, 8;
T_2.0 ; End of true expr.
    %load/vec4 v000001caecc06200_0;
    %pad/u 10;
    %subi 120, 0, 10;
    %jmp/0 T_2.1, 8;
 ; End of false expr.
    %blend;
T_2.1;
    %pad/u 9;
    %store/vec4 v000001caecbc61b0_0, 0, 9;
    %load/vec4 v000001caecc06200_0;
    %pad/u 32;
    %addi 120, 0, 32;
    %cmpi/u 360, 0, 32;
    %flag_mov 8, 5;
    %jmp/0 T_2.2, 8;
    %load/vec4 v000001caecc06200_0;
    %pad/u 10;
    %addi 120, 0, 10;
    %jmp/1 T_2.3, 8;
T_2.2 ; End of true expr.
    %load/vec4 v000001caecc06200_0;
    %pad/u 10;
    %subi 240, 0, 10;
    %jmp/0 T_2.3, 8;
 ; End of false expr.
    %blend;
T_2.3;
    %pad/u 9;
    %store/vec4 v000001caecc062a0_0, 0, 9;
    %load/vec4 v000001caecbc6250_0;
    %pad/u 32;
    %cmpi/u 60, 0, 32;
    %jmp/0xz  T_2.4, 5;
    %pushi/vec4 255, 0, 8;
    %store/vec4 v000001caecc578e0_0, 0, 8;
    %jmp T_2.5;
T_2.4 ;
    %load/vec4 v000001caecbc6250_0;
    %pad/u 32;
    %cmpi/u 120, 0, 32;
    %jmp/0xz  T_2.6, 5;
    %pushi/vec4 255, 0, 32;
    %load/vec4 v000001caecbc6250_0;
    %pad/u 32;
    %subi 60, 0, 32;
    %muli 255, 0, 32;
    %pushi/vec4 60, 0, 32;
    %div;
    %sub;
    %pad/u 8;
    %store/vec4 v000001caecc578e0_0, 0, 8;
    %jmp T_2.7;
T_2.6 ;
    %load/vec4 v000001caecbc6250_0;
    %pad/u 32;
    %cmpi/u 240, 0, 32;
    %jmp/0xz  T_2.8, 5;
    %pushi/vec4 0, 0, 8;
    %store/vec4 v000001caecc578e0_0, 0, 8;
    %jmp T_2.9;
T_2.8 ;
    %load/vec4 v000001caecbc6250_0;
    %pad/u 32;
    %cmpi/u 300, 0, 32;
    %jmp/0xz  T_2.10, 5;
    %load/vec4 v000001caecbc6250_0;
    %pad/u 32;
    %subi 240, 0, 32;
    %muli 255, 0, 32;
    %pushi/vec4 60, 0, 32;
    %div;
    %pad/u 8;
    %store/vec4 v000001caecc578e0_0, 0, 8;
    %jmp T_2.11;
T_2.10 ;
    %pushi/vec4 255, 0, 8;
    %store/vec4 v000001caecc578e0_0, 0, 8;
T_2.11 ;
T_2.9 ;
T_2.7 ;
T_2.5 ;
    %load/vec4 v000001caecbc61b0_0;
    %pad/u 32;
    %cmpi/u 60, 0, 32;
    %jmp/0xz  T_2.12, 5;
    %pushi/vec4 255, 0, 8;
    %store/vec4 v000001caecc06160_0, 0, 8;
    %jmp T_2.13;
T_2.12 ;
    %load/vec4 v000001caecbc61b0_0;
    %pad/u 32;
    %cmpi/u 120, 0, 32;
    %jmp/0xz  T_2.14, 5;
    %pushi/vec4 255, 0, 32;
    %load/vec4 v000001caecbc61b0_0;
    %pad/u 32;
    %subi 60, 0, 32;
    %muli 255, 0, 32;
    %pushi/vec4 60, 0, 32;
    %div;
    %sub;
    %pad/u 8;
    %store/vec4 v000001caecc06160_0, 0, 8;
    %jmp T_2.15;
T_2.14 ;
    %load/vec4 v000001caecbc61b0_0;
    %pad/u 32;
    %cmpi/u 240, 0, 32;
    %jmp/0xz  T_2.16, 5;
    %pushi/vec4 0, 0, 8;
    %store/vec4 v000001caecc06160_0, 0, 8;
    %jmp T_2.17;
T_2.16 ;
    %load/vec4 v000001caecbc61b0_0;
    %pad/u 32;
    %cmpi/u 300, 0, 32;
    %jmp/0xz  T_2.18, 5;
    %load/vec4 v000001caecbc61b0_0;
    %pad/u 32;
    %subi 240, 0, 32;
    %muli 255, 0, 32;
    %pushi/vec4 60, 0, 32;
    %div;
    %pad/u 8;
    %store/vec4 v000001caecc06160_0, 0, 8;
    %jmp T_2.19;
T_2.18 ;
    %pushi/vec4 255, 0, 8;
    %store/vec4 v000001caecc06160_0, 0, 8;
T_2.19 ;
T_2.17 ;
T_2.15 ;
T_2.13 ;
    %load/vec4 v000001caecc062a0_0;
    %pad/u 32;
    %cmpi/u 60, 0, 32;
    %jmp/0xz  T_2.20, 5;
    %pushi/vec4 255, 0, 8;
    %store/vec4 v000001caecbc6780_0, 0, 8;
    %jmp T_2.21;
T_2.20 ;
    %load/vec4 v000001caecc062a0_0;
    %pad/u 32;
    %cmpi/u 120, 0, 32;
    %jmp/0xz  T_2.22, 5;
    %pushi/vec4 255, 0, 32;
    %load/vec4 v000001caecc062a0_0;
    %pad/u 32;
    %subi 60, 0, 32;
    %muli 255, 0, 32;
    %pushi/vec4 60, 0, 32;
    %div;
    %sub;
    %pad/u 8;
    %store/vec4 v000001caecbc6780_0, 0, 8;
    %jmp T_2.23;
T_2.22 ;
    %load/vec4 v000001caecc062a0_0;
    %pad/u 32;
    %cmpi/u 240, 0, 32;
    %jmp/0xz  T_2.24, 5;
    %pushi/vec4 0, 0, 8;
    %store/vec4 v000001caecbc6780_0, 0, 8;
    %jmp T_2.25;
T_2.24 ;
    %load/vec4 v000001caecc062a0_0;
    %pad/u 32;
    %cmpi/u 300, 0, 32;
    %jmp/0xz  T_2.26, 5;
    %load/vec4 v000001caecc062a0_0;
    %pad/u 32;
    %subi 240, 0, 32;
    %muli 255, 0, 32;
    %pushi/vec4 60, 0, 32;
    %div;
    %pad/u 8;
    %store/vec4 v000001caecbc6780_0, 0, 8;
    %jmp T_2.27;
T_2.26 ;
    %pushi/vec4 255, 0, 8;
    %store/vec4 v000001caecbc6780_0, 0, 8;
T_2.27 ;
T_2.25 ;
T_2.23 ;
T_2.21 ;
    %jmp T_2;
    .thread T_2, $push;
    .scope S_000001caecc05ee0;
T_3 ;
    %wait E_000001caecbf1b00;
    %load/vec4 v000001caecc587e0_0;
    %pad/u 32;
    %cmpi/e 1199, 0, 32;
    %jmp/0xz  T_3.0, 4;
    %pushi/vec4 0, 0, 8;
    %assign/vec4 v000001caecc587e0_0, 0;
    %jmp T_3.1;
T_3.0 ;
    %load/vec4 v000001caecc587e0_0;
    %addi 1, 0, 8;
    %assign/vec4 v000001caecc587e0_0, 0;
T_3.1 ;
    %jmp T_3;
    .thread T_3;
    .scope S_000001caecc04520;
T_4 ;
    %pushi/vec4 0, 0, 1;
    %store/vec4 v000001caecc58100_0, 0, 1;
    %end;
    .thread T_4, $init;
    .scope S_000001caecc04520;
T_5 ;
    %vpi_call/w 3 20 "$dumpfile", "wave.vcd" {0 0 0};
    %vpi_call/w 3 21 "$dumpvars", 32'sb00000000000000000000000000000000, S_000001caecc04520 {0 0 0};
    %delay 500000000, 0;
    %vpi_call/w 3 23 "$finish" {0 0 0};
    %end;
    .thread T_5;
    .scope S_000001caecc04520;
T_6 ;
    %delay 4, 0;
    %load/vec4 v000001caecc58100_0;
    %inv;
    %store/vec4 v000001caecc58100_0, 0, 1;
    %jmp T_6;
    .thread T_6;
# The file index is used to find the file name in the following table.
:file_names 6;
    "N/A";
    "<interactive>";
    "-";
    "top_tb.sv";
    "top.sv";
    "./mp2.sv";
